18167025169
9131872519
-2941910204
15128224303
6799116399
-2322062975
3620622371
9831737133
5709496524
25640619245
-2290295673
664446792
-2951648128
9103258968
10293070013
24844360918
23913220361
19388712967
-5540351194
13731601392
10562708345
-3059182031
18319435153
6057812608
12022196123
14969708607
13030326140
15721589347
-4968434949
4446104997
21938771924
27710093354
15217850168
31471014500
27633033295
8596511721
-122460876
-423988213
21781726279
25080987629
24637544757
9005039553
18597975749
1227460815
541109047
9335414040
16416514668
21243409761
8078884057
2541670109
-3173092303
944659242
-2896946782
23630388905
15127095487
13255209046
21684703648
3439693804
14431715499
24877638848
-9535395763
22125199411
6798638628
30808610740
13758511497
9705266706
25370930863
5449672947
8106021854
29945962175
1329582303
8742111231
14046236298
-7468601898
3549847705
3952903433
4460067232
6264538562
2107354826
-302118913
10543802472
18724512362
12627902121
2011535974
25557986883
16634423296
23562378265
-343185095
13921564778
5131265801
-1287168822
23100731996
24281994467
24878323909
8862497521
-7986330329
23139933113
10724270564
32265998572
10196209479
8066411470
27417248290
1066391523
34978939436
-6858375811
-4322749712
2164907563
11052886799
20468703426
13493502428
2274772293
17229071451
10565264335
-1227463867
21935112650
18212644639
6036978568
24959825032
6422651389
24043304696
18164999066
-3680146611
21201400699
2488128343
19588180969
4673075148
6286627483
3989629496
14837434194
7064104011
6521723305
13262017496
21601947919
1542722306
21721956842
24388921962
18496119732
1298223659
1301742695
20492432354
-2038157061
18017752443
16351341982
21615032734
3611410482
-2959068817
16043170512
-141868732
15823722645
14844062758
1957228498
15034875893
-655105319
1222957469
5004677171
4432255882
15252131303
1128618957
-488237353
2954683265
-3784718392
9158934797
27285951224
22269483422
5133208521
1229084121
14647997937
9668692884
18448504621
19950497992
26778822147
4200842829
687555216
19077716581
4056966271
15357206482
19406023996
9977425919
23831737471
22160160896
-6247085389
7698361530
14358589074
11263754804
5818473908
7782935950
15592938401
7916497191
7132819109
19768907570
-8475158069
31895674848
9648579269
9598118970
15891139724
15953317630
3619791338
10268195358
11219124943
9058899273
21422526649
1409184382
22708040499
20159684738
23861378179
24861359864
10889265815
24258786447
15421859830
25426387593
-3320385789
-1228180341
2667104885
16792986866
19105895143
1353532699
25704076377
26729767562
6209605992
-1788008394
12479983376
7423766225
13329074231
3213460838
13437625975
5892937573
4429876421
3857555055
5596596260
11962174424
1187580916
13208234762
4317664157
8628873537
4382197659
3115445046
26994713
16463008773
-6559583955
10368384823
-263907150
6856700610
-8517260003
20067450118
16765829059
9390568870
9452662295
28802668168
8148309255
2624386194
2021186945
-12520688370
6858274085
21279556369
5193756212
10965497548
1719920492
-8178062433
3657266923
-4786194256
2113286776
27372173609
12390948209
984063040
23172194469
2111142232
-9062492426
13199043227
11340000817
-7643882781
9343652999
11177942487
17976432206
30390474834
21927034916
13710482269
8386813750
23939282864
24205852023
20592348818
19026374291
23100970587
3344297736
5967120891
8492421138
34157013063
3842974923
17832241314
15664579775
18699210339
504785868
11776508212
18877635380
17334318941
10080858531
7734483689
4992003009
198329382
8232490792
27049222703
8574322258
-2605658224
413530021
480968639
12978328175
-147341675
5010756997
19638613374
18888540176
-8272764258
6488708397
13860329945
4832773084
22391873280
868471551
15621441177
10102504842
2998720681
18290338759
1288502603
21136141730
7035913043
-5561104456
-7537511713
26031111811
4304709729
1854681311
17691704907
12661796171
9370042439
4744068047
3847178216
29068833568
7509437220
786699237
2386248665
-3472605314
-6355504151
3120345033
26590393281
10472457224
-7875293249
23854989050
25443617647
-6345788074
22854572108
4888601938
18039833708
18353005475
29998857886
-8049656556
6418355692
-3318980432
3448690762
14802557443
23766373841
501435918
-1848411665
17691487422
21832090712
25470656389
18207483675
24043577
12365623477
-2006272626
5265357338
16831363203
6887359133
-267801518
21806660400
19282550220
-9036617696
3778603264
13592043865
9399966797
30441537368
3220275102
18856836466
19891062699
1556370861
33810450486
2013986994
20343057727
18809316328
9618467667
14125491569
-458922425
3838624915
12931819240
-5874028052
23985104730
294432021
2626611308
5742295805
541714186
29239801117
16942509567
16529480807
30768616716
24020269647
15508649828
8601106994
29998584524
8465898345
10065322865
-2243454720
29309940898
17958714303
16527411101
699891319
13148310821
17541616787
-4412261995
13614897416
21514954829
11684849167
-9123049903
-3318436884
-8258815948
23502318310
22190725376
25091146845
9959398625
17879169256
13833469559
30391249231
9379487176
199366933
26792340585
-2408094093
24905466289
20535279240
2960742730
-6918775171
-1343696900
31950890056
17836276796
13952236153
4086059714
22153996217
19837832815
15687272738
3597846100
19059235418
4069507473
-5185554071
19874162821
18574395496
15528615432
17005871569
4359378904
29179860688
-1222621818
14548789781
5759122259
12503425407
20923955393
-5587632624
18176658895
3768283134
9950766605
-485817001
27079417905
33335514644
-4079804261
15888310241
2173735802
225269833
9880685114
13924320686
22270282075
-4275340001
18834807830
32147004195
13740217818
-9684161270
-5651895435
-4810035186
29502645056
20974499520
34455068036
700335193
10563080332
1587057069
5798032416
15806076064
1036428076
-6083070525
-3575607176
16234185462
25445610344
19060444434
-1697758199
1024968892
20236703173
-450815282
24669822038
8769054877
-900411820
20096521520
7721090821
26025197367
22734950058
9987656884
13775339691
6703951250
5620673377
11589806272
26654261651
20404493347
26976936315
7253193714
-7031285774
-708434505
14162545722
9178961461
29734869238
18533025654
13424828200
24590495583
-8164936060
24973177859
1527385279
22726712441
12808644294
5671878444
35590134370
-6944512189
4412618356
13299360597
22335777479
20129013651
24291196472
10730460941
18277374718
14526402296
325866939
23998729618
21487475669
-2723779113
30490254849
-1765592028
21339818639
1031776713
8092186025
18127403400
-356574255
4123870605
12435628681
21018086523
15175096475
8911341589
12728140518
-4148936781
22645233738
1862056245
4932899763
20460525016
30869005945
-1134706000
8963657766
23480458969
1636741351
-1188127658
10224407098
-3283624823
9060257927
3411088354
-947932080
26311242720
20434299837
14459639498
4052841853
1691294876
-107337920
-216845199
12751801642
-2937643814
10088127359
7418211044
3459952467
-3900723290
8757631400
11408014639
-7421047899
9713023118
1216520978
-7006567039
9986563135
14050661143
-911237809
29794139928
26596557660
16488622381
11821948570
10740497567
27614774350
17472062154
20463764268
-3055654135
21036766028
25929557903
13208967218
7985144617
24893826224
789042192
21196775543
22642540619
16783165326
-7181736543
13370239974
21841261008
23428776856
26281188340
-9188994011
11772036819
-2173536777
7445976892
2319061019
25718510820
0
6062888151
4179429939
6866721549
9277807426
11159241540
-3010559635
17992900141
-3725681928
-4772386014
5682147751
1927816720
28472588225
6498898547
6979406705
18494246748
26165342875
26493409134
10722105100
3344649602
-1188376616
18522965122
19023213475
5063310913
-5629908559
4418431963
18051934096
5208357299
10686017644
7441107034
-2469803546
15442042365
-8968269026
25863685201
33832321632
2805522994
13083797752
8536335284
16812324916
16426148336
21911160175
15498486161
-1780827035
18344163299
-5647617208
15718562543
-3300876640
-459886407
22530980212
10127092020
1591175857
13958265822
-4748167336
19583598399
17846861652
12586506835
17580360130
29756695871
9940810055
5339989259
10356876034
4666628746
27332863087
17214406187
-1930252876
4820685880
5269671341
13622687720
800833165
17222479991
17852887898
15112604053
17879197159
21365526594
8852919278
22920468537
26214880913
-182231787
8279156854
12346882184
-1559165242
3794994976
4639467037
1086352306
-132131872
7063785197
20095860662
10935342237
24688357578
-1728429120
6020023383
22228967638
4897485608
10483802348
470993696
12011151363
18415196316
18492705715
-1739146009
22048374258
8279644922
5966604207
17601711014
29086977672
16770445790
21512303668
18768909325
33654063888
-3182465585
12419204853
-2983766578
21570824630
24069840287
-1943042597
9488288466
18835611826
5508513068
8860628036
-5607891485
1874099176
-4179003644
-3824213637
26453940806
5780191046
-2839920345
29350205632
3664227561
-5205494657
-10398826144
-1558590133
11656562778
-2242766774
18685304348
-106411793
27638633221
14081012595
24040125848
20769893178
27729395343
176179335
5631971507
27208248950
19641887525
-3220687223
17519841984
21775208042
67697461
-11124151829
24649450492
-2016986224
10174584648
23329110746
-1701063883
25789194412
22170014112
20290047390
17628522109
20733887769
10774291014
9767944446
19017758307
15153941266
1206706022
31092294695
11568898767
16741238365
689085538
10352677728
24934031644
-9118662287
11073019289
-517882783
6698101518
11476678966
10584978861
26390181165
2032847207
12374138241
14316579032
20283183869
12955205712
2029076598
22239159988
20302173484
8516450290
2903463462
26163684617
5595671932
6555010515
308915951
1996910405
-88069822
25514852750
31281421720
16656103697
6826158792
5263351674
7862206933
10446194899
16442277611
27855191921
16448061271
-2194123531
4559254547
15444251945
13237013559
4152422000
6902555013
21145128869
7241064411
11677840892
-11903722059
16072805408
8353664776
3534197064
14425273882
8338738298
6080976635
10727364328
-971126991
2411993652
4404267860
19928880418
16702873414
18530475145
17195636688
12504864222
23810921437
-3242663379
8660027496
23496226072
21521088383
22379105603
2774498298
15216157390
-2353402599
6127002510
4990116860
6443648450
19002218884
7840091114
8850052711
4247632177
14278384938
31546889320
2141966161
2050827203
9939926427
30829661856
9765090860
33312115919
3723417130
9366222353
13494983029
2375614473
30238172447
17500410537
5441759446
7806217297
4513893411
33237836644
6469072418
17947831518
12447282441
-753389
-4564815572
4082830911
22349099756
21038760135
4588399938
29312056366
22362105404
-2203414588
7360954392
17584439569
7465542912
5726974338
22341541278
17975677318
18397479018
373022988
1748529252
23333861180
32144181773
3359782479
-2951460555
25475700251
6865386746
15320325567
29545802875
8886527592
680700629
10319763945
8718388246
-3781919737
23208239695
21025254994
27667802762
19363831785
26389536162
8946022116
17138596669
2161259734
12258213010
-230972697
26935395912
12669101499
27042542960
23846760035
21351827702
-8463376531
11214636946
-520743482
-1729939720
6522002478
5562271877
-3475539150
6958394191
1800325979
13288077367
25870893337
28822353260
13866886414
17815714655
57915597
9275778616
15365851712
6001677699
17072361251
16217926408
10449661722
20993498217
682230289
16409519148
-2503403005
20588301956
21457925349
3841641293
18010829638
21431541453
5313701641
12632643711
24653769735
3084541956
33797342739
11951521912
152469488
18811518560
2432640195
-5140224483
4628366601
14893664323
25441052997
-8839338642
14274655163
24920035375
1914651566
35976011900
5351298508
12300095158
8451433739
11637430236
4035191780
3059895519
1939387441
15763245850
14271501238
-2058565165
16902501728
-956994788
13318714090
2357709595
16909726360
2515200579
163871682
6459648723
14110433183
13630803293
-2357035338
22493130378
-3655410818
25088678396
1672936690
148652901
-8369569159
9614324919
3534933524
8705472223
16195070329
7132192609
12326093005
1197833483
23541680756
-4227166780
1117548637
11496706723
11140863278
32754789869
6016170235
17961933179
-2710729438
13633710050
10305970991
-592606793
24382527453
7998253762
7860403632
-3916604905
17629015008
16966599092
15190342383
6282567914
7542223039
18364439683
20004936349
-4462007205
18828475724
14611543425
8075850452
15445622883
26687492702
26100077985
28610810065
5277436150
25673627268
22570161495
28848470825
16255466055
-3100953787
15617495250
21829198526
16004631289
18581284947
28379812581
8186568195
5736772702
28463527692
-2331930080
28324838753
16012643015
22071198033
4195286686
4886429443
21310679624
-6576152211
10879493568
12590743995
1085991008
6839994031
21234192904
26465484308
18972893995
24250890225
2892157607
24680639820
-1167363445
11096933763
4956872164
14532160314
16835098547
3904681806
3673527819
24713508756
4374496431
21780742406
8173836587
19442841987
13814056478
26147146714
21923020493
4724594350
-2514257084
23818038005
8565867661
15436623361
18043387399
19544617296
18791106073
4778881550
26187760447
28709284181
18072611883
15469355720
11420284107
5914088000
231571578
15522106329
20178493481
9220432371
23341555377
352609142
22562304143
19943376967
17470671906
17457466902
-1373109652
24473961976
27710993994
7570763182
21247717187
21279517791
-1909697973
11896290930
-1504498032
25869734246
819990861
-4591858297
18085673912
-7699784523
-2144217709
7678862827
17069095358
15407419388
23649215377
8735846944
10669699737
17332575543
24591889382
7555958308
16144949740
4512136361
18813485413
-1203060266
21206321194
23298507729
19170281037
5361687774
-7198719308
12329107618
31001154199
16334044218
7884019951
9606593650
15659214405
165093805
-1350201991
12937751337
-901280722
9237702258
5443937063
18196013151
24185104966
6253779561
17391755223
5333337427
18264605735
24832242362
6202814287
21512831702
12327607169
3070024767
-1448253449
-6428573623
19274758148
23640895286
3860738624
-1238342747
1434517396
17575132850
18390577952
1556582682
-1346753756
12749207825
2631729865
6548562125
-6326186871
9555410153
24819241575
-193317645
991403927
21212291252
10809073591
8475722567
17489965685
4856326260
13792879407
8585137105
11788191839
-6839141046
22900696625
-4648317048
2239292061
9449426147
15187003251
12357397310
16709484944
19871217836
15537634779
18353614586
28575531218
24070660347
-7533583170
14471746449
7817203575
14545368209
21477366486
28275801869
12013450794
1735920409
19368078140
10877266973
-3379741049
-4611181275
-3824916802
8802731514
779918571
5799395610
6894447032
3043749624
746812917
991403927
10767821033
19220336877
15879699774
23128765238
22457668286
6475545483
13062557118
18541535877
21884861402
8371294907
-1497847127
8323010088
4408631086
16073482258
22422450686
31153305720
23484817829
8726165912
32412112683
33700530781
8197293022
8895883914
5362738222
-757522046
559008559
-12701782723
20701447382
20163089922
14289158891
11524037023
13040117575
19798966276
16461000856
24336179350
123176259
23542699088
21464021042
6629722146
26510259392
-8171646309
1365613743
17099535934
16527007921
11462366059
-3963176364
3634461693
2426890413
6815302945
12660649242
19749911452
27169345435
22573280991
32517318114
23507314138
19321432984
26796902529
18197951494
13897865633
4989031618
22087366313
3991761660
16066013579
-1319482041
26544870865
723634714
6137883746
12776494441
4866832658
3203312923
21705908859
16162247275
-3930579122
16810652498
2563929042
-1560246778
8845053865
34680907226
-5656476026
19718026536
-11532348423
15999831337
27395212095
10647534907
16381711800
1771386343
4635144639
79583411
21153313352
29451509787
8093042075
7957540623
23145849694
10852142958
22234222051
12797270613
16257869778
8024006707
29186230016
2510136436
9101195542
594128574
-9564850509
6164892756
4936140817
30898922634
24694008144
-5426609713
19403541042
15218174246
15345605079
21523665234
21211650607
9826458747
5555666374
17574354083
8202632571
9971461727
4662783453
21306545255
23944706066
-2251770389
8296511165
20754744999
22846327146
-2838691385
12625408618
10529524601
29398994146
18325403663
-287103176
22375266013
3474617508
9719899324
369632358
16788185855
30271171383
11231021720
17467826888
9643451447
352374164
284384479
21665287158
-330714880
13025125909
19611617601
8461673420
9422932973
17082809190
6178624604
9394124844
21234666424
8270714298
2026882305
9636331798
2177169901
-2549001727
20137671798
7031800251
11746804593
-6666482553
-5600994308
12242975177
16316427494
7286583614
7549197780
4000897507
-7947933578
4754860932
1140915567
11055595746
2358006167
-26828326
1218527332
12766710255
13042622069
20894026068
-2804438994
-4863629586
2648297449
5735545891
14319036784
12073737623
23866060404
23967419142
27083922330
9946668614
9847741560
9453108570
-4961094600
11988229754
20342942086
12329107618
17072209302
678826758
-1830717946
2426092286
-2104615195
-1148610405
-431451854
-5633034112
28902449547
-93522389
16854826191
24808399291
24768893192
-448675129
6044003981
-353090385
18979542799
11981879266
12389446426
20325888427
27704897290
14540043416
-1440622879
8674798128
27911206873
15438394031
1915847773
4868991333
25608215550
5008353269
-8974258711
4968602058
11345872500
25344440017
775029162
19485966340
-5049867306
15078098600
24630318491
10584117488
7252534295
7384588507
8233519378
17884001251
23213597786
1971420779
18529873994
-4237007418
24026326716
103894989
20493795950
13209014800
-3016975480
3410230993
9272150334
6848563705
-8016892061
21311790859
2834205519
26182814075
-2526001879
-7284655723
26205222941
25859940232
19997658177
-11431569807
21720079404
15354000538
2838246789
26205154935
21198742950
7816320836
20738640998
-3333271699
18414227736
6530368919
3052480363
14122531298
21431383872
6003830207
-1200504280
9842416211
7509826097
19516945563
9095415153
-6313042231
9122093860
511973261
18651128813
-4444279028
22369555146
-1358803675
21689480576
28308422709
9543196713
1387761277
7443467105
22767624106
22145150959
-8142605113
7753310527
-720161949
17271912529
-3958126605
22085302842
21004677139
6161763215
12827180593
2231806847
6777692493
17999360507
8267975289
10679341193
24254812565
24695315635
12259295566
21342136837
-4024333574
24812751354
7724969988
16183418313
21679403192
-2062081790
14068584691
-4612198319
37258513274
872992691
-5980129845
25157131289
9899575806
13306637394
5458694511
11390310880
15274503586
23180506685
24281040868
27163932808
-74429346
23861912699
31157789098
15754666450
6779615142
15937148150
-1277271023
8013913705
7035795617
11874367345
4534815183
14487088969
5115537574
14444902410
17538240405
17329036149
13001284932
20104944346
6158061141
1904461523
8411793358
7454190354
-8264175690
16063237212
-4922361933
15536632857
-1151318381
-5356270294
4826379590
14579713563
19657967335
7744166655
18039670017
29136240923
4394444188
13434054804
30282634797
8816130823
-5689938818
19100983120
20775154988
-590578825
3039075416
36294813888
-96518364
-5452571473
11489875405
17896486986
7207707521
21239814061
-971320484
8061932770
-155761418
-4752048620
-1324503077
10343460066
15329199146
8006466711
1081746030
-1917327640
26671609234
14004435246
-45059738
24571160028
2228214203
699009522
2555493333
2321017243
14902894896
21044688059
8643402585
20164091723
7691359791
-1536685834
3200060855
6880767962
-3818710862
21745356326
-4245424439
24897156549
14810599214
16691930257
13567890271
-3075043398
35447758144
-9807878510
-12300834360
9930721473
730926973
1680003519
13611054682
4386818017
15374316152
13241621244
2679045244
-6565530998
755424000
12384181263
-5413148593
22773936128
3004391720
13687503133
17265141632
18680530289
23302861766
24633846238
-12354707334
-8975942368
11130697753
14331487377
3468166011
12220352304
15776815656
20587337573
-194872001
14183202433
-890027204
20979907827
20038804214
12989921668
-2729686763
24648737600
2249852715
15795253317
24384829293
-1200234855
-4045468750
-6378360309
11940601538
16429472366
23317676308
27034074769
10436462383
20184131773
6386791007
-8181321407
-3607620796
13262981780
6462255651
14400501928
14626972114
14211689278
8446139873
18711803166
16210842017
17257479547
20895664304
8055542500
5109925296
10332067753
16018354917
15508000252
22437025847
10116059287
23858747195
11211517099
1097843325
-8858347652
5536288780
-2474522679
-6305349722
251135795
1981120898
-6145740449
18144518861
20611752830
10911441484
17694969849
11049536303
4793552511
6961241152
-1241259965
13844344815
-5815044613
16439856145
13064782732
19427383923
12532440986
5134293628
7182304837
-1874141706
6598416516
2274528533
17667688039
3907518796
20839528920
22720798033
0
10520856199
16536019955
-11402653177
20921187530
21928637159
16409593162
20580769382
5353528015
20006771507
16765131984
3847812905
18704075189
21220955806
15516281457
10306023098
-6164392813
-7666990681
9709841147
17983730693
31466135580
7493890352
11399175828
6138034724
-325243642
3080312192
28734805159
6934973790
15382168742
7482385491
13824833729
21546534884
6570790245
2502193336
-3108203798
-1977537183
24013563026
1641023087
-5755194628
7238285417
14683127307
-2456665938
-630679356
16206441611
9993407256
19481805051
1742858592
-2890156445
30082453200
23605045142
-2510831828
14562281797
21176318066
10791430616
29852670811
19409310642
19565660416
28109082119
4722866988
12124508132
25353475538
-8626957858
14695536777
6713808373
2127017579
-4314280784
31703436303
25012728943
2434596282
-9131269146
19685521084
8686331681
19601345488
2445823618
1909959925
447408725
8496821438
8152593787
784377181
14365179562
-4929587654
30033923195
32271904255
-661377315
-1423675974
-2313947404
15839965135
-1218563143
22175703856
12954131187
3705888164
12522181440
29789893368
29777433742
5812307411
-1491161824
-6213961960
-5769473183
19351421105
-2027312651
25664118554
9795252368
-480953502
1035544767
5155652279
8501785146
10896141350
13411665033
24785631362
11967094138
453538931
31142947646
-4714404952
12855293482
13764517078
15605733241
21697784131
27056070588
678741512
4556270051
9909245601
14759688213
7144626090
-6373662613
24759593748
1952553491
6736528775
24114969399
20834373486
21428491476
2927526630
28618741614
8677292580
22714794155
2404791728
16055709713
8537055691
22447023127
4198599395
-4083439888
27411162805
1706956156
2875499273
-12608607473
9348811911
6679805464
-1671772752
-72769659
29877268492
4830905651
20454297338
17339569509
18055499118
28513161957
11305335022
-3573270301
11459291446
5900441609
21589350319
-3182383610
27946721794
19319366390
4286422524
22035917405
12185559452
5555421945
2355477438
8408966844
15081050781
-4288993733
-293319396
15809191
20750686536
15217011379
641716633
12385130982
-1438961338
13657058327
4234069998
10259407152
15803018511
16647138342
-6051988971
11285629709
17691762052
5547216003
-2692744088
22455672949
16468087903
-921374747
21259957999
1565223570
5742689454
26188753875
-4017699838
2300126293
18511654670
10311574532
1771930081
-4318105269
10060386319
-3859983818
416165227
-122328454
1830650274
17149391555
8603735335
26186154338
19187320060
215726008
8262047520
18504634849
18201882897
-2993514002
23342561262
12299055504
15269535275
25815022402
12168119447
6206852049
-3533851627
-2972791138
16383376097
-2351033970
2697427467
8270303745
-1232247132
18724717180
10055621525
-7264501376
-5755341342
22422878386
6472606978
30141865955
