24 -8|22 2
25 -8|23 2
25 -7|23 3
24 -7|24 3
24 -6|24 2
25 -6|25 2
25 -5|25 3
24 -5|26 3
24 -4|26 4
25 -4|27 4
25 -5|27 3
24 -5|26 3
24 -6|26 4
25 -6|25 4
25 -7|25 5
24 -7|26 5
24 -8|26 4
25 -8|25 4
25 -9|25 3
24 -9|26 3
24 -10|26 4
25 -10|25 4
25 -11|25 5
24 -11|24 5
24 -10|24 6
25 -10|25 6
25 -9|25 5
24 -9|24 5
24 -8|24 4
25 -8|23 4
25 -7|23 5
24 -7|24 5
24 -6|24 4
25 -6|25 4
25 -5|25 5
24 -5|24 5
24 -4|24 4
23 -4|23 4
23 -3|23 3
24 -3|24 3
24 -4|24 4
23 -4|23 4
23 -5|23 5
24 -5|22 5
24 -4|22 6
23 -4|21 6
23 -3|21 7
22 -3|22 7
22 -4|22 8
23 -4|23 8
23 -3|23 7
24 -3|22 7
24 -2|22 8
25 -2|21 8
25 -1|21 7
26 -1|22 7
26 -2|22 8
25 -2|23 8
25 -1|23 9
24 -1|24 9
24 -2|24 8
25 -2|23 8
25 -1|23 9
26 -1|22 9
26 0|22 10
27 0|23 10
27 -1|23 9
26 -1|22 9
26 0|22 8
25 0|23 8
25 1|23 9
26 1|22 9
26 0|22 10
25 0|21 10
25 -1|21 11
26 -1|22 11
26 0|22 10
25 0|21 10
25 1|21 9
24 1|20 9
24 2|20 8
25 2|19 8
25 1|19 9
24 1|18 9
24 0|18 10
23 0|17 10
23 1|17 9
22 1|16 9
22 2|16 8
23 2|17 8
23 3|17 7
24 3|16 7
24 2|16 6
25 2|15 6
25 3|15 7
26 3|14 7
26 2|14 8
25 2|13 8
25 3|13 9
24 3|14 9
24 2|14 10
23 2|13 10
23 3|13 11
22 3|14 11
22 2|14 12
23 2|13 12
23 3|13 11
24 3|14 11
24 2|14 10
25 2|13 10
25 3|13 9
26 3|14 9
26 4|14 8
27 4|13 8
27 3|13 7
26 3|12 7
26 4|12 8
25 4|11 8
25 5|11 9
26 5|12 9
26 4|12 10
25 4|13 10
25 3|13 9
26 3|12 9
26 4|12 10
25 4|11 10
25 5|11 11
24 5|12 11
24 6|12 10
25 6|11 10
25 5|11 9
24 5|12 9
24 4|12 10
23 4|11 10
23 5|11 11
24 5|10 11
24 4|10 10
25 4|11 10
25 5|11 11
24 5|12 11
24 4|12 12
23 4|13 12
23 3|13 11
24 3|12 11
24 4|12 12
23 4|11 12
23 5|11 13
22 5|10 13
22 6|10 12
21 6|11 12
21 7|11 13
22 7|12 13
22 8|12 14
23 8|11 14
23 7|11 15
22 7|12 15
22 8|12 14
21 8|11 14
21 7|11 13
22 7|12 13
22 8|12 12
23 8|11 12
23 9|11 13
24 9|12 13
24 8|12 14
23 8|11 14
23 9|11 15
22 9|10 15
22 10|10 16
23 10|11 16
23 9|11 15
22 9|10 15
22 8|10 14
23 8|9 14
23 9|9 15
22 9|10 15
22 10|10 14
21 10|11 14
21 11|11 15
22 11|10 15
22 10|10 14
21 10|9 14
21 9|9 13
20 9|10 13
20 8|10 12
19 8|9 12
19 9|9 13
18 9|10 13
18 10|10 14
17 10|9 14
17 9|9 15
16 9|8 15
16 8|8 16
17 8|7 16
17 7|7 17
16 7|8 17
16 6|8 18
15 6|9 18
15 7|9 17
14 7|8 17
14 8|8 18
13 8|7 18
13 9|7 17
14 9|8 17
14 10|8 18
13 10|9 18
13 11|9 19
14 11|10 19
14 12|10 18
13 12|9 18
13 11|9 19
14 11|8 19
14 10|8 20
13 10|9 20
13 9|9 19
14 9|8 19
14 8|8 18
13 8|9 18
13 7|9 19
12 7|8 19
12 8|8 20
11 8|7 20
11 9|7 21
12 9|8 21
12 10|8 20
13 10|7 20
13 9|7 19
12 9|6 19
12 10|6 18
11 10|5 18
11 11|5 19
12 11|4 19
12 10|4 18
11 10|3 18
11 9|3 19
12 9|2 19
12 10|2 18
11 10|1 18
11 11|1 19
10 11|0 19
10 10|0 18
11 10|-1 18
11 11|-1 19
12 11|-2 19
12 12|-2 18
13 12|-3 18
13 11|-3 19
12 11|-4 19
12 12|-4 18
11 12|-5 18
11 13|-5 19
10 13|-4 19
10 12|-4 18
11 12|-3 18
11 13|-3 19
12 13|-2 19
12 14|-2 18
11 14|-1 18
11 15|-1 19
12 15|0 19
12 14|0 18
11 14|1 18
11 13|1 19
12 13|2 19
12 12|2 18
11 12|3 18
11 13|3 19
12 13|4 19
12 14|4 18
11 14|5 18
11 15|5 19
10 15|6 19
10 16|6 18
11 16|7 18
11 15|7 17
10 15|6 17
10 14|6 18
9 14|7 18
9 15|7 19
10 15|6 19
10 14|6 18
11 14|7 18
11 15|7 17
10 15|8 17
10 14|8 16
9 14|7 16
9 13|7 15
10 13|8 15
10 12|8 16
9 12|7 16
9 13|7 17
10 13|8 17
10 14|8 18
9 14|9 18
9 15|9 17
8 15|10 17
8 16|10 16
7 16|11 16
7 17|11 17
8 17|12 17
8 18|12 16
9 18|11 16
9 17|11 17
8 17|10 17
8 18|10 16
7 18|9 16
7 17|9 17
8 17|10 17
8 18|10 16
9 18|11 16
9 19|11 17
10 19|12 17
10 18|12 18
9 18|13 18
9 19|13 17
8 19|14 17
8 20|14 18
9 20|15 18
9 19|15 17
8 19|14 17
8 18|14 18
9 18|13 18
9 19|13 17
8 19|12 17
8 20|12 18
7 20|11 18
7 21|11 19
8 21|12 19
8 20|12 18
7 20|11 18
7 19|11 17
6 19|12 17
6 18|12 18
5 18|11 18
5 19|11 19
4 19|10 19
4 18|10 18
3 18|11 18
3 19|11 19
2 19|12 19
2 18|12 20
1 18|13 20
1 19|13 19
0 19|12 19
0 18|12 20
-1 18|11 20
-1 19|11 21
-2 19|12 21
-2 18|12 20
-3 18|11 20
-3 19|11 19
-4 19|12 19
-4 18|12 20
-5 18|11 20
-5 19|11 21
-4 19|10 21
-4 18|10 22
-3 18|11 22
-3 19|11 21
-2 19|10 21
-2 18|10 20
-1 18|9 20
-1 19|9 19
0 19|8 19
0 18|8 18
1 18|9 18
1 19|9 19
2 19|8 19
2 18|8 20
3 18|7 20
3 19|7 21
4 19|6 21
4 18|6 22
5 18|7 22
5 19|7 21
6 19|6 21
6 18|6 20
7 18|5 20
7 17|5 21
6 17|6 21
6 18|6 20
7 18|7 20
7 19|7 21
6 19|6 21
6 18|6 20
7 18|5 20
7 17|5 19
8 17|6 19
8 16|6 18
7 16|5 18
7 15|5 19
8 15|6 19
8 16|6 20
7 16|5 20
7 17|5 21
8 17|4 21
8 18|4 22
9 18|5 22
9 17|5 21
10 17|4 21
10 16|4 20
11 16|3 20
11 17|3 21
12 17|4 21
12 16|4 20
11 16|5 20
11 17|5 21
10 17|4 21
10 16|4 20
9 16|3 20
9 17|3 19
10 17|4 19
10 16|4 20
11 16|3 20
11 17|3 21
12 17|2 21
12 18|2 22
13 18|3 22
13 17|3 21
14 17|2 21
14 18|2 20
15 18|1 20
15 17|1 21
14 17|2 21
14 18|2 20
13 18|3 20
13 17|3 21
12 17|2 21
12 18|2 20
11 18|1 20
11 19|1 19
12 19|2 19
12 18|2 20
11 18|1 20
11 17|1 21
12 17|0 21
12 18|0 22
11 18|1 22
11 19|1 21
10 19|0 21
10 18|0 20
11 18|-1 20
11 19|-1 21
12 19|0 21
12 20|0 20
13 20|1 20
13 19|1 21
12 19|0 21
12 20|0 20
11 20|-1 20
11 21|-1 19
12 21|0 19
12 20|0 20
11 20|-1 20
11 19|-1 21
12 19|-2 21
12 20|-2 22
11 20|-1 22
11 21|-1 21
10 21|-2 21
10 22|-2 20
11 22|-3 20
11 21|-3 21
10 21|-2 21
10 20|-2 20
9 20|-1 20
9 19|-1 21
8 19|-2 21
8 18|-2 20
9 18|-3 20
9 19|-3 19
8 19|-2 19
8 20|-2 20
7 20|-3 20
7 21|-3 21
6 21|-4 21
6 22|-4 22
7 22|-3 22
7 21|-3 21
6 21|-4 21
6 20|-4 20
5 20|-5 20
5 21|-5 19
6 21|-4 19
6 20|-4 20
7 20|-5 20
7 21|-5 21
6 21|-4 21
6 20|-4 20
5 20|-5 20
5 19|-5 19
6 19|-6 19
6 18|-6 20
5 18|-7 20
5 19|-7 21
6 19|-6 21
6 20|-6 20
5 20|-7 20
5 21|-7 19
4 21|-6 19
4 22|-6 20
5 22|-7 20
5 21|-7 21
4 21|-8 21
4 20|-8 22
3 20|-7 22
3 21|-7 21
4 21|-8 21
4 20|-8 20
5 20|-9 20
5 21|-9 21
4 21|-8 21
4 20|-8 20
3 20|-7 20
3 19|-7 21
4 19|-8 21
4 20|-8 20
3 20|-9 20
3 21|-9 19
2 21|-10 19
2 22|-10 20
3 22|-9 20
3 21|-9 19
2 21|-8 19
2 20|-8 18
1 20|-7 18
1 21|-7 17
2 21|-8 17
2 20|-8 16
3 20|-9 16
3 21|-9 17
2 21|-8 17
2 20|-8 16
1 20|-7 16
1 19|-7 17
2 19|-8 17
2 20|-8 16
1 20|-9 16
1 21|-9 15
0 21|-8 15
0 22|-8 16
1 22|-9 16
1 21|-9 17
0 21|-10 17
0 20|-10 18
-1 20|-9 18
-1 21|-9 17
0 21|-10 17
0 20|-10 16
1 20|-11 16
1 21|-11 17
0 21|-10 17
0 20|-10 16
-1 20|-9 16
-1 19|-9 17
0 19|-10 17
0 20|-10 16
-1 20|-11 16
-1 21|-11 15
-2 21|-12 15
-2 22|-12 16
-1 22|-11 16
-1 21|-11 15
-2 21|-10 15
-2 20|-10 14
-3 20|-11 14
-3 21|-11 13
-2 21|-10 13
-2 20|-10 14
-1 20|-11 14
-1 21|-11 15
-2 21|-10 15
-2 20|-10 16
-3 20|-11 16
-3 19|-11 15
-2 19|-10 15
-2 20|-10 14
-3 20|-11 14
-3 21|-11 13
-4 21|-12 13
-4 22|-12 14
-3 22|-13 14
-3 21|-13 15
-4 21|-12 15
-4 20|-12 16
-5 20|-13 16
-5 19|-13 17
-4 19|-12 17
-4 20|-12 16
-5 20|-13 16
-5 21|-13 15
-4 21|-12 15
-4 20|-12 14
-5 20|-13 14
-5 19|-13 13
-6 19|-12 13
-6 20|-12 14
-7 20|-13 14
-7 21|-13 15
-6 21|-12 15
-6 20|-12 16
-7 20|-13 16
-7 19|-13 17
-6 19|-14 17
-6 20|-14 18
-7 20|-13 18
-7 21|-13 17
-8 21|-14 17
-8 22|-14 16
-7 22|-15 16
-7 21|-15 17
-8 21|-14 17
-8 20|-14 16
-9 20|-13 16
-9 21|-13 17
-8 21|-14 17
-8 20|-14 16
-7 20|-15 16
-7 21|-15 15
-8 21|-16 15
-8 20|-16 16
-9 20|-15 16
-9 19|-15 15
-10 19|-14 15
-10 20|-14 14
-9 20|-15 14
-9 19|-15 15
-8 19|-14 15
-8 18|-14 16
-7 18|-15 16
-7 17|-15 15
-8 17|-14 15
-8 16|-14 14
-9 16|-13 14
-9 17|-13 15
-8 17|-14 15
-8 16|-14 14
-7 16|-15 14
-7 17|-15 13
-8 17|-16 13
-8 16|-16 14
-9 16|-15 14
-9 15|-15 13
-8 15|-14 13
-8 16|-14 12
-9 16|-13 12
-9 17|-13 13
-10 17|-12 13
-10 18|-12 12
-9 18|-11 12
-9 17|-11 13
-10 17|-12 13
-10 16|-12 12
-11 16|-13 12
-11 17|-13 13
-10 17|-14 13
-10 16|-14 12
-9 16|-15 12
-9 17|-15 13
-10 17|-14 13
-10 16|-14 12
-11 16|-13 12
-11 15|-13 13
-12 15|-12 13
-12 16|-12 12
-11 16|-11 12
-11 15|-11 11
-10 15|-10 11
-10 14|-10 12
-11 14|-9 12
-11 13|-9 13
-10 13|-10 13
-10 14|-10 14
-11 14|-11 14
-11 15|-11 15
-10 15|-10 15
-10 16|-10 16
-11 16|-9 16
-11 15|-9 15
-10 15|-10 15
-10 14|-10 16
-11 14|-11 16
-11 13|-11 17
-12 13|-12 17
-12 14|-12 16
-13 14|-13 16
-13 15|-13 17
-12 15|-12 17
-12 16|-12 16
-13 16|-11 16
-13 17|-11 17
-12 17|-10 17
-12 16|-10 16
-13 16|-11 16
-13 15|-11 17
-12 15|-12 17
-12 14|-12 16
-13 14|-13 16
-13 13|-13 15
-12 13|-14 15
-12 14|-14 16
-13 14|-13 16
-13 15|-13 15
-12 15|-12 15
-12 16|-12 14
-13 16|-13 14
-13 17|-13 15
-14 17|-12 15
-14 18|-12 16
-13 18|-13 16
-13 17|-13 15
-14 17|-12 15
-14 16|-12 14
-15 16|-11 14
-15 17|-11 15
-14 17|-12 15
-14 16|-12 14
-13 16|-13 14
-13 17|-13 13
-14 17|-12 13
-14 16|-12 14
-15 16|-13 14
-15 15|-13 15
-16 15|-12 15
-16 16|-12 14
-15 16|-13 14
-15 15|-13 13
-14 15|-14 13
-14 14|-14 12
-15 14|-15 12
-15 15|-15 11
-14 15|-16 11
-14 16|-16 12
-15 16|-15 12
-15 15|-15 11
-14 15|-14 11
-14 14|-14 12
-13 14|-15 12
-13 15|-15 11
-14 15|-16 11
-14 14|-16 10
-15 14|-17 10
-15 13|-17 11
-16 13|-16 11
-16 14|-16 10
-15 14|-15 10
-15 13|-15 9
-14 13|-14 9
-14 12|-14 8
-13 12|-15 8
-13 13|-15 7
-12 13|-16 7
-12 12|-16 8
-11 12|-15 8
-11 13|-15 7
-12 13|-14 7
-12 12|-14 8
-13 12|-15 8
-13 13|-15 7
-14 13|-16 7
-14 12|-16 6
-15 12|-17 6
-15 13|-17 7
-14 13|-16 7
-14 12|-16 6
-13 12|-15 6
-13 13|-15 5
-12 13|-16 5
-12 12|-16 6
-11 12|-15 6
-11 11|-15 7
-10 11|-16 7
-10 12|-16 6
-9 12|-15 6
-9 13|-15 5
-10 13|-14 5
-10 14|-14 4
-11 14|-15 4
-11 15|-15 5
-10 15|-14 5
-10 16|-14 6
-9 16|-13 6
-9 15|-13 7
-10 15|-14 7
-10 16|-14 8
-11 16|-13 8
-11 17|-13 9
-12 17|-12 9
-12 16|-12 10
-13 16|-13 10
-13 17|-13 11
-12 17|-14 11
-12 16|-14 12
-11 16|-13 12
-11 17|-13 11
-10 17|-14 11
-10 16|-14 10
-11 16|-13 10
-11 17|-13 11
-12 17|-14 11
-12 16|-14 12
-13 16|-15 12
-13 15|-15 13
-14 15|-16 13
-14 16|-16 12
-13 16|-15 12
-13 15|-15 13
-12 15|-14 13
-12 14|-14 12
-13 14|-15 12
-13 15|-15 13
-12 15|-16 13
-12 16|-16 14
-13 16|-17 14
-13 15|-17 15
-12 15|-16 15
-12 14|-16 16
-11 14|-17 16
-11 15|-17 17
-12 15|-16 17
-12 14|-16 16
-13 14|-17 16
-13 13|-17 15
-12 13|-16 15
-12 14|-16 14
-13 14|-17 14
-13 15|-17 13
-12 15|-18 13
-12 14|-18 14
-13 14|-17 14
-13 13|-17 13
-14 13|-16 13
-14 12|-16 14
-15 12|-17 14
-15 11|-17 13
-16 11|-18 13
-16 12|-18 12
-15 12|-19 12
-15 11|-19 13
-14 11|-18 13
-14 12|-18 12
-15 12|-17 12
-15 11|-17 11
-16 11|-16 11
-16 10|-16 12
-17 10|-15 12
-17 11|-15 13
-16 11|-14 13
-16 10|-14 14
-15 10|-15 14
-15 9|-15 13
-14 9|-14 13
-14 8|-14 12
-15 8|-13 12
-15 7|-13 13
-16 7|-14 13
-16 8|-14 12
-15 8|-15 12
-15 7|-15 13
-14 7|-14 13
-14 8|-14 12
-15 8|-13 12
-15 7|-13 11
-16 7|-14 11
-16 6|-14 10
-17 6|-15 10
-17 7|-15 9
-16 7|-16 9
-16 6|-16 10
-15 6|-15 10
-15 5|-15 9
-16 5|-14 9
-16 6|-14 10
-15 6|-15 10
-15 7|-15 9
-16 7|-16 9
-16 6|-16 8
-15 6|-15 8
-15 5|-15 7
-14 5|-16 7
-14 4|-16 8
-15 4|-15 8
-15 5|-15 9
-14 5|-16 9
-14 6|-16 10
-13 6|-17 10
-13 7|-17 9
-14 7|-18 9
-14 8|-18 10
-13 8|-17 10
-13 9|-17 9
-12 9|-16 9
-12 10|-16 10
-13 10|-15 10
-13 11|-15 9
-14 11|-16 9
-14 12|-16 10
-13 12|-17 10
-13 11|-17 9
-14 11|-18 9
-14 10|-18 8
-13 10|-19 8
-13 11|-19 9
-14 11|-18 9
-14 12|-18 8
-15 12|-17 8
-15 13|-17 7
-16 13|-16 7
-16 12|-16 8
-15 12|-17 8
-15 13|-17 7
-14 13|-18 7
-14 12|-18 8
-15 12|-17 8
-15 13|-17 7
-16 13|-16 7
-16 14|-16 6
-17 14|-17 6
-17 15|-17 5
-16 15|-18 5
-16 16|-18 6
-17 16|-17 6
-17 17|-17 5
-16 17|-16 5
-16 16|-16 6
-17 16|-17 6
-17 15|-17 5
-16 15|-18 5
-16 14|-18 4
-17 14|-19 4
-17 13|-19 5
-18 13|-18 5
-18 14|-18 4
-17 14|-17 4
-17 13|-17 3
-16 13|-18 3
-16 14|-18 4
-17 14|-17 4
-17 13|-17 5
-18 13|-18 5
-18 12|-18 4
-19 12|-17 4
-19 13|-17 3
-18 13|-16 3
-18 12|-16 2
-17 12|-17 2
-17 11|-17 3
-16 11|-16 3
-16 12|-16 4
-15 12|-15 4
-15 13|-15 5
-14 13|-16 5
-14 14|-16 6
-15 14|-15 6
-15 13|-15 7
-14 13|-16 7
-14 12|-16 6
-13 12|-15 6
-13 13|-15 5
-14 13|-16 5
-14 12|-16 4
-15 12|-15 4
-15 13|-15 3
-14 13|-16 3
-14 12|-16 4
-13 12|-15 4
-13 11|-15 5
-14 11|-16 5
-14 10|-16 6
-15 10|-15 6
-15 9|-15 7
-16 9|-14 7
-16 10|-14 8
-15 10|-15 8
-15 9|-15 9
-14 9|-16 9
-14 10|-16 8
-15 10|-17 8
-15 9|-17 7
-16 9|-18 7
-16 8|-18 6
-15 8|-17 6
-15 7|-17 5
-16 7|-18 5
-16 8|-18 6
-15 8|-17 6
-15 9|-17 7
-16 9|-18 7
-16 10|-18 8
-17 10|-19 8
-17 9|-19 7
-18 9|-20 7
-18 10|-20 8
-17 10|-19 8
-17 9|-19 7
-16 9|-18 7
-16 10|-18 8
-15 10|-17 8
-15 9|-17 7
-16 9|-18 7
-16 10|-18 8
-17 10|-19 8
-17 9|-19 7
-18 9|-20 7
-18 8|-20 6
-19 8|-21 6
-19 9|-21 7
-18 9|-20 7
-18 8|-20 6
-17 8|-19 6
-17 7|-19 5
-16 7|-18 5
-16 8|-18 6
-17 8|-19 6
-17 7|-19 5
-18 7|-20 5
-18 8|-20 6
-17 8|-19 6
-17 7|-19 5
-16 7|-18 5
-16 6|-18 4
-17 6|-19 4
-17 5|-19 3
-18 5|-20 3
-18 6|-20 4
-17 6|-19 4
-17 5|-19 3
-16 5|-18 3
-16 6|-18 4
-17 6|-19 4
-17 5|-19 3
-18 5|-20 3
-18 4|-20 2
-19 4|-21 2
-19 5|-21 3
-18 5|-20 3
-18 4|-20 2
-17 4|-19 2
-17 3|-19 1
-18 3|-20 1
-18 4|-20 2
-17 4|-19 2
-17 5|-19 3
-18 5|-20 3
-18 4|-20 2
-17 4|-19 2
-17 3|-19 1
-16 3|-18 1
-16 2|-18 0
-17 2|-19 0
-17 3|-19 1
-16 3|-18 1
-16 4|-18 2
-15 4|-17 2
-15 5|-17 3
-16 5|-18 3
-16 6|-18 4
-15 6|-17 4
-15 7|-17 5
-16 7|-18 5
-16 6|-18 4
-15 6|-17 4
-15 5|-17 3
-16 5|-18 3
-16 4|-18 2
-15 4|-17 2
-15 3|-17 1
-16 3|-18 1
-16 4|-18 2
-15 4|-17 2
-15 5|-17 3
-16 5|-18 3
-16 6|-18 4
-15 6|-17 4
-15 7|-17 5
-14 7|-16 5
-14 8|-16 6
-15 8|-17 6
-15 9|-17 7
-16 9|-18 7
-16 8|-18 6
-17 8|-19 6
-17 7|-19 5
-18 7|-20 5
-18 6|-20 4
-17 6|-19 4
-17 5|-19 3
-18 5|-20 3
-18 6|-20 4
-17 6|-19 4
-17 7|-19 5
-18 7|-20 5
-18 8|-20 6
-19 8|-21 6
-19 7|-21 5
-20 7|-22 5
-20 8|-22 6
-19 8|-21 6
-19 7|-21 5
-18 7|-20 5
-18 8|-20 6
-17 8|-19 6
-17 7|-19 5
-18 7|-20 5
-18 8|-20 6
-19 8|-21 6
-19 7|-21 5
-20 7|-22 5
-20 6|-22 4
-21 6|-23 4
-21 7|-23 5
-20 7|-22 5
-20 6|-22 4
-19 6|-21 4
-19 5|-21 3
-18 5|-20 3
-18 6|-20 4
-19 6|-21 4
-19 5|-21 3
-20 5|-22 3
-20 6|-22 4
-19 6|-21 4
-19 5|-21 3
-18 5|-20 3
-18 4|-20 2
-19 4|-21 2
-19 3|-21 1
-20 3|-22 1
-20 4|-22 2
-19 4|-21 2
-19 3|-21 1
-18 3|-20 1
-18 4|-20 2
-19 4|-21 2
-19 3|-21 1
-20 3|-22 1
-20 2|-22 0
-21 2|-23 0
-21 3|-23 1
-20 3|-22 1
-20 2|-22 0
-19 2|-21 0
-19 1|-21 -1
-20 1|-22 -1
-20 2|-22 0
-19 2|-21 0
-19 3|-21 1
-20 3|-22 1
-20 2|-22 0
-19 2|-21 0
-19 1|-21 -1
-18 1|-20 -1
-18 0|-20 -2
-19 0|-21 -2
-19 1|-21 -1
-18 1|-20 -1
-18 2|-20 0
-17 2|-19 0
-17 3|-19 1
-18 3|-20 1
-18 4|-20 2
-17 4|-19 2
-17 5|-19 3
-18 5|-20 3
-18 4|-20 2
-17 4|-19 2
-17 3|-19 1
-18 3|-20 1
-18 2|-20 0
-17 2|-19 0
-17 1|-19 -1
-18 1|-20 -1
-18 2|-20 0
-17 2|-19 0
-17 3|-19 1
-18 3|-20 1
-18 4|-20 2
-17 4|-19 2
-17 5|-19 3
-16 5|-18 3
-16 6|-18 4
-17 6|-19 4
-17 7|-19 5
-18 7|-20 5
-18 6|-20 4
-19 6|-21 4
-19 5|-21 3
-20 5|-22 3
-20 4|-22 2
-19 4|-21 2
-19 3|-21 1
-20 3|-22 1
-20 4|-22 2
-19 4|-21 2
-19 5|-21 3
-20 5|-22 3
-20 6|-22 4
-21 6|-23 4
-21 5|-23 3
-22 5|-24 3
-22 6|-24 4
-21 6|-23 4
-21 5|-23 3
-20 5|-22 3
-20 6|-22 4
-19 6|-21 4
-19 5|-21 3
-20 5|-22 3
-20 6|-22 4
-21 6|-23 4
-21 5|-23 3
-22 5|-24 3
-22 4|-24 2
-23 4|-25 2
-23 5|-25 3
-22 5|-24 3
-22 4|-24 2
-21 4|-23 2
-21 3|-23 1
-20 3|-22 1
-20 4|-22 2
-21 4|-23 2
-21 3|-23 1
-22 3|-24 1
-22 4|-24 2
-21 4|-23 2
-21 3|-23 1
-20 3|-22 1
-20 2|-22 0
-21 2|-23 0
-21 1|-23 -1
-22 1|-24 -1
-22 2|-24 0
-21 2|-23 0
-21 1|-23 -1
-20 1|-22 -1
-20 2|-22 0
-21 2|-23 0
-21 1|-23 -1
-22 1|-24 -1
-22 0|-24 -2
-23 0|-25 -2
-23 1|-25 -1
-22 1|-24 -1
-22 0|-24 -2
-21 0|-23 -2
-21 -1|-23 -3
-22 -1|-24 -3
-22 0|-24 -2
-21 0|-23 -2
-21 1|-23 -1
-22 1|-24 -1
-22 0|-24 -2
-21 0|-23 -2
-21 -1|-23 -3
-20 -1|-22 -3
-20 -2|-22 -4
-21 -2|-23 -4
-21 -1|-23 -3
-20 -1|-22 -3
-20 0|-22 -2
-19 0|-21 -2
-19 1|-21 -1
-20 1|-22 -1
-20 2|-22 0
-19 2|-21 0
-19 3|-21 1
-20 3|-22 1
-20 2|-22 0
-19 2|-21 0
-19 1|-21 -1
-20 1|-22 -1
-20 0|-22 -2
-19 0|-21 -2
-19 -1|-21 -3
-20 -1|-22 -3
-20 0|-22 -2
-19 0|-21 -2
-19 1|-21 -1
-20 1|-22 -1
-20 2|-22 0
-19 2|-21 0
-19 3|-21 1
-18 3|-20 1
-18 4|-20 2
-19 4|-21 2
-19 5|-21 3
-20 5|-22 3
-20 4|-22 2
-21 4|-23 2
-21 3|-23 1
-22 3|-24 1
-22 2|-24 0
-21 2|-23 0
-21 1|-23 -1
-22 1|-24 -1
-22 2|-24 0
-21 2|-23 0
-21 3|-23 1
-22 3|-24 1
-22 4|-24 2
-23 4|-25 2
-23 3|-25 1
-24 3|-26 1
-24 4|-26 2
-23 4|-25 2
-23 3|-25 1
-22 3|-24 1
-22 4|-24 2
-21 4|-23 2
-21 3|-23 1
-22 3|-24 1
-22 4|-24 2
-23 4|-25 2
-23 3|-25 1
-24 3|-26 1
-24 2|-26 0
-25 2|-27 0
-25 3|-27 1
-24 3|-26 1
-24 2|-26 0
-23 2|-25 0
-23 1|-25 -1
-22 1|-24 -1
-22 2|-24 0
-23 2|-25 0
-23 1|-25 -1
-24 1|-26 -1
-24 2|-26 0
-23 2|-25 0
-23 1|-25 -1
-22 1|-24 -1
-22 0|-24 -2
-23 0|-25 -2
-23 -1|-25 -3
-24 -1|-26 -3
-24 0|-26 -2
-23 0|-25 -2
-23 -1|-25 -3
-22 -1|-24 -3
-22 0|-24 -2
-23 0|-25 -2
-23 -1|-25 -3
-24 -1|-26 -3
-24 -2|-26 -4
-25 -2|-27 -4
-25 -1|-27 -3
-24 -1|-26 -3
-24 -2|-26 -4
-23 -2|-25 -4
-23 -3|-25 -5
-24 -3|-26 -5
-24 -2|-26 -4
-23 -2|-25 -4
-23 -1|-25 -3
-24 -1|-26 -3
-24 -2|-26 -4
-23 -2|-25 -4
-23 -3|-25 -5
-22 -3|-24 -5
-22 -4|-24 -6
-23 -4|-25 -6
-23 -3|-25 -5
-22 -3|-24 -5
-22 -2|-24 -4
-21 -2|-23 -4
-21 -1|-23 -3
-22 -1|-24 -3
-22 0|-24 -2
-21 0|-23 -2
-21 1|-23 -1
-22 1|-24 -1
-22 0|-24 -2
-21 0|-23 -2
-21 -1|-23 -3
-22 -1|-24 -3
-22 -2|-24 -4
-21 -2|-23 -4
-21 -3|-23 -5
-22 -3|-24 -5
-22 -2|-24 -4
-21 -2|-23 -4
-21 -1|-23 -3
-22 -1|-24 -3
-22 0|-24 -2
-21 0|-23 -2
-21 1|-23 -1
-20 1|-22 -1
-20 2|-22 0
-21 2|-23 0
-21 3|-23 1
-22 3|-24 1
-22 2|-24 0
-23 2|-25 0
-23 1|-25 -1
-24 1|-26 -1
-24 0|-26 -2
-23 0|-25 -2
-23 -1|-25 -3
-24 -1|-26 -3
-24 0|-26 -2
-23 0|-25 -2
-23 1|-25 -1
-24 1|-26 -1
-24 2|-26 0
-25 2|-27 0
-25 1|-27 -1
-26 1|-28 -1
-26 2|-28 0
-25 2|-27 0
-25 1|-27 -1
-24 1|-26 -1
-24 2|-26 0
-23 2|-25 0
-23 1|-25 -1
-24 1|-26 -1
-24 2|-26 0
-25 2|-27 0
-25 1|-27 -1
-26 1|-28 -1
-26 0|-28 -2
-27 0|-29 -2
-27 1|-29 -1
-26 1|-28 -1
-26 0|-28 -2
-25 0|-27 -2
-25 -1|-27 -3
-24 -1|-26 -3
-24 0|-26 -2
-25 0|-27 -2
-25 -1|-27 -3
-26 -1|-28 -3
-26 0|-28 -2
-25 0|-27 -2
-25 -1|-27 -3
-24 -1|-26 -3
-24 -2|-26 -4
-25 -2|-27 -4
-25 -3|-27 -5
-26 -3|-28 -5
-26 -2|-28 -4
-25 -2|-27 -4
-25 -3|-27 -5
-24 -3|-26 -5
-24 -2|-26 -4
-25 -2|-27 -4
-25 -3|-27 -5
-26 -3|-28 -5
-26 -4|-28 -6
-27 -4|-29 -6
-27 -3|-29 -5
-26 -3|-28 -5
-26 -4|-28 -6
-25 -4|-27 -6
-25 -5|-27 -7
-26 -5|-28 -7
-26 -4|-28 -6
-25 -4|-27 -6
-25 -3|-27 -5
-26 -3|-28 -5
-26 -4|-28 -6
-25 -4|-27 -6
-25 -5|-27 -7
-24 -5|-26 -7
-24 -6|-26 -8
-25 -6|-27 -8
-25 -5|-27 -7
-24 -5|-26 -7
-24 -4|-26 -6
-23 -4|-25 -6
-23 -3|-25 -5
-24 -3|-26 -5
-24 -2|-26 -4
-23 -2|-25 -4
-23 -1|-25 -3
-24 -1|-26 -3
-24 -2|-26 -4
-23 -2|-25 -4
-23 -3|-25 -5
-24 -3|-26 -5
-24 -4|-26 -6
-23 -4|-25 -6
-23 -5|-25 -7
-24 -5|-26 -7
-24 -4|-26 -6
-23 -4|-25 -6
-23 -3|-25 -5
-24 -3|-26 -5
-24 -2|-26 -4
-23 -2|-25 -4
-23 -1|-25 -3
-22 -1|-24 -3
-22 0|-24 -2
-23 0|-25 -2
-23 1|-25 -1
-24 1|-26 -1
-24 0|-26 -2
-25 0|-27 -2
-25 -1|-27 -3
-26 -1|-28 -3
