45
44
1
52
52
24
1
1
49
41
21
2
45
1
1
40
10
50
2
42
1
1
1
1
1
1
8
3
1
54
1
2
3
51
1
46
49
50
42
55
3
1
1
1
1
2
1
14
1
1
1
2
53
48
1
1
2
1
1
1
58
57
52
1
3
50
1
1
1
2
44
52
1
48
48
2
1
52
1
40
1
1
1
1
1
1
1
1
44
1
2
26
1
2
1
1
1
2
1
53
48
2
1
1
3
52
1
50
1
51
52
1
1
55
51
1
54
53
53
49
49
2
1
1
3
1
48
46
1
55
1
1
47
1
1
1
13
51
42
53
1
1
2
1
50
1
50
1
1
1
2
1
1
47
1
1
1
3
44
54
46
1
1
49
2
43
1
46
50
1
1
2
1
1
47
54
1
1
1
1
53
15
1
49
1
43
1
1
37
2
1
47
1
1
1
43
1
49
51
1
1
52
1
2
1
1
1
53
1
1
49
47
1
50
43
47
52
0
1
1
1
39
1
43
1
1
2
38
40
46
1
1
47
1
1
1
1
49
1
2
1
1
2
50
1
1
49
1
1
50
45
1
56
52
2
49
44
1
42
51
49
1
1
2
46
1
42
53
49
49
51
55
1
50
47
1
1
1
3
1
41
3
53
1
1
1
1
1
1
1
2
1
54
2
49
1
1
2
1
56
49
52
1
1
32
1
1
1
1
49
52
49
1
1
47
48
44
2
1
50
55
54
47
46
58
41
3
1
52
41
2
51
1
2
1
53
1
1
48
51
50
43
1
47
1
1
1
2
1
1
1
1
23
1
1
1
1
2
1
1
2
1
51
56
49
1
1
48
1
49
2
1
1
1
1
1
2
1
1
46
1
1
1
44
54
1
1
49
52
49
49
1
1
44
1
2
42
42
1
45
45
51
1
55
3
52
1
1
50
56
49
1
52
28
1
1
1
1
57
2
52
1
53
1
20
1
51
1
1
1
50
54
1
2
1
51
1
1
1
1
2
1
2
51
1
53
1
1
55
1
1
1
46
16
1
44
2
53
57
1
1
45
1
48
1
1
51
51
45
44
46
1
52
1
41
1
1
3
50
50
1
1
48
47
1
1
1
51
2
1
1
2
1
51
1
57
42
46
1
45
36
33
1
1
1
1
42
48
54
1
1
51
1
1
3
21
2
49
1
47
1
53
56
55
1
46
53
1
45
44
52
1
50
52
33
53
1
1
1
51
2
2
1
51
50
1
1
48
54
57
1
1
1
1
1
1
41
43
53
1
51
51
1
56
50
48
1
55
1
1
46
1
48
1
50
2
1
4
52
3
3
2
1
5
1
46
1
2
1
1
1
41
45
49
53
1
1
44
57
2
1
1
48
1
1
32
1
54
1
47
42
50
2
51
44
3
1
1
3
54
49
53
47
1
1
52
3
1
3
49
1
44
1
2
1
49
41
1
53
1
1
57
1
1
44
51
55
5
1
51
1
1
1
2
46
55
2
53
54
1
1
1
1
42
1
1
2
48
1
49
39
1
44
55
42
56
1
1
2
1
1
1
1
1
49
2
3
37
53
50
2
1
49
49
2
1
52
49
47
51
47
49
1
1
1
1
55
49
48
2
52
1
1
48
1
47
40
1
1
52
1
45
1
1
30
2
49
1
1
2
1
49
1
1
52
1
1
1
1
46
55
1
1
1
1
55
1
1
2
1
1
49
1
40
53
1
1
2
45
43
40
1
1
1
48
1
42
1
48
54
1
57
1
1
1
1
1
1
2
43
1
1
1
1
1
1
54
1
1
1
1
50
53
1
1
1
2
1
1
2
44
1
49
1
1
1
1
54
2
2
1
2
1
2
43
41
40
40
1
1
51
1
54
1
1
1
2
1
1
1
55
1
1
1
1
1
1
48
2
1
1
1
1
50
51
50
55
48
1
46
2
1
48
44
1
51
1
1
1
1
1
1
2
1
2
49
1
1
2
49
57
12
50
1
1
1
1
50
1
49
1
1
43
9
50
51
1
1
1
1
50
1
47
52
1
54
38
1
50
45
1
1
51
52
2
2
41
1
1
1
43
47
1
49
2
1
45
39
1
1
41
45
1
1
1
1
2
1
48
2
1
2
1
1
48
1
51
44
1
1
1
1
2
50
49
48
2
1
1
1
46
45
47
1
1
1
53
54
35
1
1
48
1
4
1
1
1
53
1
1
45
1
51
1
1
1
1
2
1
1
48
1
52
3
51
51
1
1
1
1
47
50
2
1
43
53
30
1
43
1
1
1
1
17
1
48
1
54
44
1
48
51
2
1
44
1
1
1
1
41
1
50
47
1
53
1
1
1
50
1
22
47
2
50
1
1
2
1
3
53
1
1
1
1
50
1
1
1
1
51
1
1
1
2
1
50
1
1
46
2
1
47
49
53
1
2
50
1
1
1
2
50
1
48
1
1
50
1
1
40
1
1
42
1
1
1
56
2
1
1
1
2
54
1
52
1
1
48
2
1
1
1
45
1
1
1
1
1
1
1
1
55
1
2
53
1
1
1
1
43
50
41
52
49
1
1
53
49
1
1
1
1
37
1
1
47
45
1
49
1
57
2
1
1
3
51
21
56
54
54
1
3
1
50
1
50
3
1
1
43
1
55
52
50
1
47
1
1
49
44
2
1
1
47
48
38
1
49
1
39
1
2
3
44
1
1
51
44
1
51
50
1
2
1
1
1
51
57
53
1
1
1
1
1
55
45
2
1
1
48
3
1
50
40
47
47
52
1
1
53
1
1
1
1
53
2
1
53
50
2
1
48
1
52
41
50
1
45
1
1
44
50
53
1
58
51
1
1
1
18
1
52
1
52
1
52
1
1
1
1
1
1
55
1
2
49
1
1
1
27
1
1
1
49
50
52
1
2
1
1
1
2
1
1
1
1
50
1
51
45
1
1
48
1
1
1
1
52
3
43
45
2
48
41
1
48
1
49
42
1
1
1
53
49
2
2
1
1
2
48
2
2
1
1
50
1
1
2
1
3
1
56
1
43
1
1
3
49
56
4
1
1
48
1
2
1
2
50
1
1
47
1
1
1
1
1
1
42
45
1
1
1
48
54
53
2
1
1
43
44
52
5
50
42
3
50
1
45
1
1
1
2
2
58
1
1
1
1
1
2
1
49
1
1
52
2
2
51
2
1
1
50
1
50
2
1
1
1
54
52
1
2
1
43
45
1
1
43
2
1
34
1
1
1
1
1
2
4
1
1
1
1
46
2
42
1
1
1
1
1
2
2
53
42
1
1
3
50
1
1
1
2
1
1
1
2
46
44
1
1
1
2
42
41
1
51
1
1
1
3
52
2
1
1
33
1
49
52
48
1
1
1
1
56
1
2
2
1
53
48
1
1
1
54
1
49
45
1
1
54
1
2
1
47
48
1
2
1
41
1
2
22
44
47
6
1
1
44
1
47
53
50
40
46
2
50
1
1
53
3
53
2
1
1
51
1
2
54
42
1
1
1
1
1
2
44
1
1
1
44
1
40
1
45
2
3
1
1
2
1
50
2
1
46
47
1
1
1
2
1
2
47
1
1
50
48
1
47
45
4
1
1
51
55
53
54
1
49
4
1
4
1
1
42
2
1
1
1
49
58
1
47
1
1
47
50
46
1
1
3
55
1
1
48
1
2
1
1
42
1
1
1
1
54
1
40
54
46
1
42
1
1
2
54
1
1
1
1
1
49
50
31
1
44
1
52
1
3
1
1
1
47
53
50
1
49
1
1
48
1
55
1
36
1
1
1
1
52
51
50
1
1
1
1
1
1
1
3
44
1
1
51
41
30
2
53
46
48
1
1
1
1
2
5
2
1
1
2
1
48
2
1
1
1
1
3
46
1
55
4
1
1
49
54
45
47
2
3
54
1
3
42
53
1
25
48
43
1
2
46
41
2
1
48
42
1
1
47
51
2
49
25
1
51
39
1
1
1
1
5
46
1
41
2
46
43
56
1
32
1
2
41
49
55
2
48
49
2
44
1
46
1
54
43
52
1
2
1
50
1
50
42
1
49
1
51
2
1
41
1
42
54
1
44
1
1
45
54
52
1
50
44
1
1
1
1
47
1
1
1
1
1
42
48
1
1
1
2
56
38
38
1
1
47
2
51
48
41
1
4
1
1
1
1
2
47
1
43
1
22
51
52
1
1
55
48
49
1
51
1
1
42
1
39
56
51
55
49
55
43
51
1
43
1
43
1
48
1
39
51
50
54
1
47
2
4
54
53
1
1
48
1
1
1
1
50
1
1
52
1
54
1
1
1
50
1
2
1
41
2
1
47
52
46
7
1
1
50
1
55
46
1
1
56
1
1
1
47
1
1
1
54
1
49
50
2
51
1
1
51
1
2
50
48
2
